Using pre-set license
Built from '2020.2/release' branch; Version is '2020.2.4f1 (becced5a802b) revision 12504301'; Using compiler version '192528614'; Build Type 'Release'
OS: 'Windows 10 Home; OS build 19042.867; Version 2009; 64bit' Language: 'en' Physical Memory: 32615 MB
BatchMode: 1, IsHumanControllingUs: 0, StartBugReporterOnCrash: 0, Is64bit: 1, IsPro: 0

 COMMAND LINE ARGUMENTS:
D:\Unity\2020.2.4f1\Editor\Unity.exe
-adb2
-batchMode
-noUpm
-name
AssetImportWorker0
-projectPath
C:/Users/Nicholas/Documents/GitHub/Current-Plan/GameDev/Current Plan
-logFile
Logs/AssetImportWorker0.log
-srvPort
52720
Successfully changed project path to: C:/Users/Nicholas/Documents/GitHub/Current-Plan/GameDev/Current Plan
C:/Users/Nicholas/Documents/GitHub/Current-Plan/GameDev/Current Plan
Using Asset Import Pipeline V2.
Refreshing native plugins compatible for Editor in 31.64 ms, found 1 plugins.
Preloading 0 native plugins for Editor in 0.00 ms.
Initialize engine version: 2020.2.4f1 (becced5a802b)
[Subsystems] Discovering subsystems at path D:/Unity/2020.2.4f1/Editor/Data/Resources/UnitySubsystems
[Subsystems] Discovering subsystems at path C:/Users/Nicholas/Documents/GitHub/Current-Plan/GameDev/Current Plan/Assets
GfxDevice: creating device client; threaded=0
Direct3D:
    Version:  Direct3D 11.0 [level 11.1]
    Renderer: NVIDIA GeForce GTX 1660 (ID=0x2184)
    Vendor:   
    VRAM:     5991 MB
    Driver:   27.21.14.5751
Initialize mono
Mono path[0] = 'D:/Unity/2020.2.4f1/Editor/Data/Managed'
Mono path[1] = 'D:/Unity/2020.2.4f1/Editor/Data/MonoBleedingEdge/lib/mono/unityjit'
Mono config path = 'D:/Unity/2020.2.4f1/Editor/Data/MonoBleedingEdge/etc'
Using monoOptions --debugger-agent=transport=dt_socket,embedding=1,server=y,suspend=n,address=127.0.0.1:56936
Begin MonoManager ReloadAssembly
Registering precompiled unity dll's ...
Register platform support module: D:/Unity/2020.2.4f1/Editor/Data/PlaybackEngines/MacStandaloneSupport/UnityEditor.OSXStandalone.Extensions.dll
Register platform support module: D:/Unity/2020.2.4f1/Editor/Data/PlaybackEngines/WindowsStandaloneSupport/UnityEditor.WindowsStandalone.Extensions.dll
Register platform support module: D:/Unity/2020.2.4f1/Editor/Data/PlaybackEngines/LinuxStandaloneSupport/UnityEditor.LinuxStandalone.Extensions.dll
Register platform support module: D:/Unity/2020.2.4f1/Editor/Data/PlaybackEngines/LuminSupport/UnityEditor.Lumin.Extensions.dll
Registered in 0.001356 seconds.
Native extension for Lumin target not found
Native extension for LinuxStandalone target not found
Native extension for WindowsStandalone target not found
Native extension for OSXStandalone target not found
Refreshing native plugins compatible for Editor in 29.87 ms, found 1 plugins.
Preloading 0 native plugins for Editor in 0.00 ms.
Invoked RoslynAnalysisRunner static constructor.
RoslynAnalysisRunner will not be running.
RoslynAnalysisRunner has terminated.
Mono: successfully reloaded assembly
- Completed reload, in  1.225 seconds
Platform modules already initialized, skipping
Registering precompiled user dll's ...
Registered in 0.000865 seconds.
Begin MonoManager ReloadAssembly
Native extension for Lumin target not found
Native extension for LinuxStandalone target not found
Native extension for WindowsStandalone target not found
Native extension for OSXStandalone target not found
Refreshing native plugins compatible for Editor in 30.32 ms, found 1 plugins.
Preloading 0 native plugins for Editor in 0.00 ms.
Invoked RoslynAnalysisRunner static constructor.
RoslynAnalysisRunner will not be running.
RoslynAnalysisRunner has terminated.
Mono: successfully reloaded assembly
- Completed reload, in  0.800 seconds
Platform modules already initialized, skipping
========================================================================
Worker process is ready to serve import requests
Launched and connected shader compiler UnityShaderCompiler.exe after 0.04 seconds
Refreshing native plugins compatible for Editor in 0.30 ms, found 1 plugins.
Preloading 0 native plugins for Editor in 0.00 ms.
Unloading 1806 Unused Serialized files (Serialized files now loaded: 0)
System memory in use before: 94.8 MB.
System memory in use after: 94.7 MB.

Unloading 24 unused Assets to reduce memory usage. Loaded Objects now: 2248.
Total: 1.992700 ms (FindLiveObjects: 0.165900 ms CreateObjectMapping: 0.064000 ms MarkObjects: 1.617800 ms  DeleteObjects: 0.144000 ms)

========================================================================
Received Import Request.
  path: Assets/Prefabs/Vision.prefab
  artifactKey: Guid(c39c3ef27ee9652408e30d311935b8ba) Importer(815301076,1909f56bfc062723c751e8b465ee728b)
Start importing Assets/Prefabs/Vision.prefab using Guid(c39c3ef27ee9652408e30d311935b8ba) Importer(815301076,1909f56bfc062723c751e8b465ee728b)  -> (artifact id: '48cae5e6b341068889516ded16741b99') in 0.094243 seconds
  Import took 0.097064 seconds .

========================================================================
Received Import Request.
  Time since last request: 0.000275 seconds.
  path: Assets/Prefabs/Robot.prefab
  artifactKey: Guid(af159d29a76452d43b677ae85080a9f2) Importer(815301076,1909f56bfc062723c751e8b465ee728b)
Start importing Assets/Prefabs/Robot.prefab using Guid(af159d29a76452d43b677ae85080a9f2) Importer(815301076,1909f56bfc062723c751e8b465ee728b)  -> (artifact id: '5f7edcf2d49262ca7cd808a69cb86260') in 0.016013 seconds
  Import took 0.019206 seconds .

========================================================================
Received Import Request.
  Time since last request: 23.179998 seconds.
  path: Assets/Scripts/PlayerScripts
  artifactKey: Guid(ebb4a8e4d5801c74d9a103504929abbf) Importer(815301076,1909f56bfc062723c751e8b465ee728b)
Start importing Assets/Scripts/PlayerScripts using Guid(ebb4a8e4d5801c74d9a103504929abbf) Importer(815301076,1909f56bfc062723c751e8b465ee728b)  -> (artifact id: '4602092487da45dcec4e8a2a68c50f65') in 0.005643 seconds
  Import took 0.008386 seconds .

========================================================================
Received Import Request.
  Time since last request: 0.004688 seconds.
  path: Assets/Scripts/PlayerScripts
  artifactKey: Guid(ebb4a8e4d5801c74d9a103504929abbf) Importer(815301076,1909f56bfc062723c751e8b465ee728b)
Start importing Assets/Scripts/PlayerScripts using Guid(ebb4a8e4d5801c74d9a103504929abbf) Importer(815301076,1909f56bfc062723c751e8b465ee728b)  -> (artifact id: '4602092487da45dcec4e8a2a68c50f65') in 0.002152 seconds
  Import took 0.004828 seconds .

========================================================================
Received Import Request.
  Time since last request: 1.517820 seconds.
  path: Assets/Scripts/PlayerScripts/PlayerPossess.cs
  artifactKey: Guid(fca09620864bb094caa59d07a7b41f64) Importer(815301076,1909f56bfc062723c751e8b465ee728b)
Start importing Assets/Scripts/PlayerScripts/PlayerPossess.cs using Guid(fca09620864bb094caa59d07a7b41f64) Importer(815301076,1909f56bfc062723c751e8b465ee728b)  -> (artifact id: '133cffd88a9534a6af4e6402545a6831') in 0.006912 seconds
  Import took 0.009349 seconds .

========================================================================
Received Import Request.
  Time since last request: 0.019663 seconds.
  path: Assets/Scripts/PlayerScripts/PlayerPossess.cs
  artifactKey: Guid(fca09620864bb094caa59d07a7b41f64) Importer(815301076,1909f56bfc062723c751e8b465ee728b)
Start importing Assets/Scripts/PlayerScripts/PlayerPossess.cs using Guid(fca09620864bb094caa59d07a7b41f64) Importer(815301076,1909f56bfc062723c751e8b465ee728b)  -> (artifact id: '133cffd88a9534a6af4e6402545a6831') in 0.002322 seconds
  Import took 0.004893 seconds .

========================================================================
Received Import Request.
  Time since last request: 134.347633 seconds.
  path: Assets/Sprites/PlayerSpriteSheetUPDATE1.png
  artifactKey: Guid(73ee77bca18d6c0419c3bc13c44ccaac) Importer(815301076,1909f56bfc062723c751e8b465ee728b)
Start importing Assets/Sprites/PlayerSpriteSheetUPDATE1.png using Guid(73ee77bca18d6c0419c3bc13c44ccaac) Importer(815301076,1909f56bfc062723c751e8b465ee728b)  -> (artifact id: 'db2ad15bdc34c3e1bb26eaa48874ae92') in 0.037165 seconds
  Import took 0.040019 seconds .

========================================================================
Received Import Request.
  Time since last request: 155.982041 seconds.
  path: Assets/Animations
  artifactKey: Guid(00f728ceb5c31df44ba02f05f7352b2a) Importer(815301076,1909f56bfc062723c751e8b465ee728b)
Start importing Assets/Animations using Guid(00f728ceb5c31df44ba02f05f7352b2a) Importer(815301076,1909f56bfc062723c751e8b465ee728b)  -> (artifact id: '7ae2f57343c0cc4927b299d7f9c37610') in 0.005660 seconds
  Import took 0.008807 seconds .

========================================================================
Received Import Request.
  Time since last request: 171.195632 seconds.
  path: Assets/Sprites/PlayerSpriteSheetUPDATE1.png
  artifactKey: Guid(73ee77bca18d6c0419c3bc13c44ccaac) Importer(815301076,1909f56bfc062723c751e8b465ee728b)
Start importing Assets/Sprites/PlayerSpriteSheetUPDATE1.png using Guid(73ee77bca18d6c0419c3bc13c44ccaac) Importer(815301076,1909f56bfc062723c751e8b465ee728b)  -> (artifact id: '25826504f3086fdefaf6c0ae928c875a') in 0.013731 seconds
  Import took 0.017514 seconds .

========================================================================
Received Import Request.
  Time since last request: 0.001178 seconds.
  path: Assets/Sprites/PlayerSpriteSheetUPDATE1.png
  artifactKey: Guid(73ee77bca18d6c0419c3bc13c44ccaac) Importer(815301076,1909f56bfc062723c751e8b465ee728b)
Start importing Assets/Sprites/PlayerSpriteSheetUPDATE1.png using Guid(73ee77bca18d6c0419c3bc13c44ccaac) Importer(815301076,1909f56bfc062723c751e8b465ee728b)  -> (artifact id: '25826504f3086fdefaf6c0ae928c875a') in 0.006839 seconds
  Import took 0.009388 seconds .

========================================================================
Received Import Request.
  Time since last request: 397.375604 seconds.
  path: Assets/Sprites/PlayerSpriteSheetUPDATE1.png
  artifactKey: Guid(73ee77bca18d6c0419c3bc13c44ccaac) Importer(815301076,1909f56bfc062723c751e8b465ee728b)
Start importing Assets/Sprites/PlayerSpriteSheetUPDATE1.png using Guid(73ee77bca18d6c0419c3bc13c44ccaac) Importer(815301076,1909f56bfc062723c751e8b465ee728b)  -> (artifact id: 'd290a96d6fae903c622d2b53720653ae') in 0.022905 seconds
  Import took 0.026109 seconds .

========================================================================
Received Import Request.
  Time since last request: 14.395498 seconds.
  path: Assets/Sprites/PlayerSpriteSheetUPDATE1.png
  artifactKey: Guid(73ee77bca18d6c0419c3bc13c44ccaac) Importer(815301076,1909f56bfc062723c751e8b465ee728b)
Start importing Assets/Sprites/PlayerSpriteSheetUPDATE1.png using Guid(73ee77bca18d6c0419c3bc13c44ccaac) Importer(815301076,1909f56bfc062723c751e8b465ee728b)  -> (artifact id: 'b8c84c8175929f8ced5bde1444b38c13') in 0.036969 seconds
  Import took 0.040899 seconds .

========================================================================
Received Import Request.
  Time since last request: 441.374028 seconds.
  path: Assets/Sprites/PlayerSpriteSheetUPDATE1.png
  artifactKey: Guid(73ee77bca18d6c0419c3bc13c44ccaac) Importer(815301076,1909f56bfc062723c751e8b465ee728b)
Start importing Assets/Sprites/PlayerSpriteSheetUPDATE1.png using Guid(73ee77bca18d6c0419c3bc13c44ccaac) Importer(815301076,1909f56bfc062723c751e8b465ee728b)  -> (artifact id: 'c0d90f357956f9d8bcf600a51e7a9c59') in 0.044633 seconds
  Import took 0.047681 seconds .

========================================================================
Received Import Request.
  Time since last request: 0.000244 seconds.
  path: Assets/Sprites/PlayerSpriteSheetUPDATE1.png
  artifactKey: Guid(73ee77bca18d6c0419c3bc13c44ccaac) Importer(815301076,1909f56bfc062723c751e8b465ee728b)
Start importing Assets/Sprites/PlayerSpriteSheetUPDATE1.png using Guid(73ee77bca18d6c0419c3bc13c44ccaac) Importer(815301076,1909f56bfc062723c751e8b465ee728b)  -> (artifact id: 'c0d90f357956f9d8bcf600a51e7a9c59') in 0.035684 seconds
  Import took 0.038482 seconds .

========================================================================
Received Import Request.
  Time since last request: 508.027249 seconds.
  path: Assets/Sprites/PlayerSpriteSheetUPDATE1.png
  artifactKey: Guid(73ee77bca18d6c0419c3bc13c44ccaac) Importer(815301076,1909f56bfc062723c751e8b465ee728b)
Start importing Assets/Sprites/PlayerSpriteSheetUPDATE1.png using Guid(73ee77bca18d6c0419c3bc13c44ccaac) Importer(815301076,1909f56bfc062723c751e8b465ee728b)  -> (artifact id: 'fc4e512ccfcdcf67f99966724d7fd926') in 0.019509 seconds
  Import took 0.022791 seconds .

========================================================================
Received Import Request.
  Time since last request: 0.002056 seconds.
  path: Assets/Sprites/PlayerSpriteSheetUPDATE1.png
  artifactKey: Guid(73ee77bca18d6c0419c3bc13c44ccaac) Importer(815301076,1909f56bfc062723c751e8b465ee728b)
Start importing Assets/Sprites/PlayerSpriteSheetUPDATE1.png using Guid(73ee77bca18d6c0419c3bc13c44ccaac) Importer(815301076,1909f56bfc062723c751e8b465ee728b)  -> (artifact id: 'fc4e512ccfcdcf67f99966724d7fd926') in 0.016761 seconds
  Import took 0.019854 seconds .

========================================================================
Received Import Request.
  Time since last request: 322.806959 seconds.
  path: Assets/Sprites/PlayerSpriteSheetUPDATE1.png
  artifactKey: Guid(73ee77bca18d6c0419c3bc13c44ccaac) Importer(815301076,1909f56bfc062723c751e8b465ee728b)
Start importing Assets/Sprites/PlayerSpriteSheetUPDATE1.png using Guid(73ee77bca18d6c0419c3bc13c44ccaac) Importer(815301076,1909f56bfc062723c751e8b465ee728b)  -> (artifact id: 'e7abc965fba0e501720b880b9bb625d6') in 0.035350 seconds
  Import took 0.040065 seconds .

========================================================================
Received Import Request.
  Time since last request: 0.000237 seconds.
  path: Assets/Sprites/PlayerSpriteSheetUPDATE1.png
  artifactKey: Guid(73ee77bca18d6c0419c3bc13c44ccaac) Importer(815301076,1909f56bfc062723c751e8b465ee728b)
Start importing Assets/Sprites/PlayerSpriteSheetUPDATE1.png using Guid(73ee77bca18d6c0419c3bc13c44ccaac) Importer(815301076,1909f56bfc062723c751e8b465ee728b)  -> (artifact id: 'e7abc965fba0e501720b880b9bb625d6') in 0.032846 seconds
  Import took 0.036260 seconds .

========================================================================
Received Import Request.
  Time since last request: 5.356433 seconds.
  path: Assets/Sprites/PlayerSpriteSheetUPDATE1.png
  artifactKey: Guid(73ee77bca18d6c0419c3bc13c44ccaac) Importer(815301076,1909f56bfc062723c751e8b465ee728b)
Start importing Assets/Sprites/PlayerSpriteSheetUPDATE1.png using Guid(73ee77bca18d6c0419c3bc13c44ccaac) Importer(815301076,1909f56bfc062723c751e8b465ee728b)  -> (artifact id: '3de941930efc7a325104086ab661afa3') in 0.016014 seconds
  Import took 0.018648 seconds .

========================================================================
Received Import Request.
  Time since last request: 5.628720 seconds.
  path: Assets/Sprites/PlayerSpriteSheetUPDATE1.png
  artifactKey: Guid(73ee77bca18d6c0419c3bc13c44ccaac) Importer(815301076,1909f56bfc062723c751e8b465ee728b)
Start importing Assets/Sprites/PlayerSpriteSheetUPDATE1.png using Guid(73ee77bca18d6c0419c3bc13c44ccaac) Importer(815301076,1909f56bfc062723c751e8b465ee728b)  -> (artifact id: 'fce97b996222c00b88bd1e4765b1bfd2') in 0.014212 seconds
  Import took 0.017989 seconds .

========================================================================
Received Import Request.
  Time since last request: 3.807999 seconds.
  path: Assets/Sprites/PlayerSpriteSheetUPDATE1.png
  artifactKey: Guid(73ee77bca18d6c0419c3bc13c44ccaac) Importer(815301076,1909f56bfc062723c751e8b465ee728b)
Start importing Assets/Sprites/PlayerSpriteSheetUPDATE1.png using Guid(73ee77bca18d6c0419c3bc13c44ccaac) Importer(815301076,1909f56bfc062723c751e8b465ee728b)  -> (artifact id: 'b69ebab6ecebcc552d3efc1458f5903b') in 0.021512 seconds
  Import took 0.025608 seconds .

========================================================================
Received Import Request.
  Time since last request: 0.006644 seconds.
  path: Assets/Sprites/PlayerSpriteSheetUPDATE1.png
  artifactKey: Guid(73ee77bca18d6c0419c3bc13c44ccaac) Importer(815301076,1909f56bfc062723c751e8b465ee728b)
Start importing Assets/Sprites/PlayerSpriteSheetUPDATE1.png using Guid(73ee77bca18d6c0419c3bc13c44ccaac) Importer(815301076,1909f56bfc062723c751e8b465ee728b)  -> (artifact id: 'b69ebab6ecebcc552d3efc1458f5903b') in 0.019748 seconds
  Import took 0.023230 seconds .

========================================================================
Received Import Request.
  Time since last request: 4.106817 seconds.
  path: Assets/Sprites/PlayerSpriteSheetUPDATE1.png
  artifactKey: Guid(73ee77bca18d6c0419c3bc13c44ccaac) Importer(815301076,1909f56bfc062723c751e8b465ee728b)
Start importing Assets/Sprites/PlayerSpriteSheetUPDATE1.png using Guid(73ee77bca18d6c0419c3bc13c44ccaac) Importer(815301076,1909f56bfc062723c751e8b465ee728b)  -> (artifact id: 'da185911c2036b406a9b0d6c1a3b0b36') in 0.017090 seconds
  Import took 0.020817 seconds .

========================================================================
Received Import Request.
  Time since last request: 0.002830 seconds.
  path: Assets/Sprites/PlayerSpriteSheetUPDATE1.png
  artifactKey: Guid(73ee77bca18d6c0419c3bc13c44ccaac) Importer(815301076,1909f56bfc062723c751e8b465ee728b)
Start importing Assets/Sprites/PlayerSpriteSheetUPDATE1.png using Guid(73ee77bca18d6c0419c3bc13c44ccaac) Importer(815301076,1909f56bfc062723c751e8b465ee728b)  -> (artifact id: 'da185911c2036b406a9b0d6c1a3b0b36') in 0.017435 seconds
  Import took 0.020175 seconds .

========================================================================
Received Import Request.
  Time since last request: 19.261574 seconds.
  path: Assets/Sprites/PlayerSpriteSheetUPDATE1.png
  artifactKey: Guid(73ee77bca18d6c0419c3bc13c44ccaac) Importer(815301076,1909f56bfc062723c751e8b465ee728b)
Start importing Assets/Sprites/PlayerSpriteSheetUPDATE1.png using Guid(73ee77bca18d6c0419c3bc13c44ccaac) Importer(815301076,1909f56bfc062723c751e8b465ee728b)  -> (artifact id: 'f897a982dca1220af27a99b1a745b191') in 0.021819 seconds
  Import took 0.024879 seconds .

========================================================================
Received Import Request.
  Time since last request: 0.001688 seconds.
  path: Assets/Sprites/PlayerSpriteSheetUPDATE1.png
  artifactKey: Guid(73ee77bca18d6c0419c3bc13c44ccaac) Importer(815301076,1909f56bfc062723c751e8b465ee728b)
Start importing Assets/Sprites/PlayerSpriteSheetUPDATE1.png using Guid(73ee77bca18d6c0419c3bc13c44ccaac) Importer(815301076,1909f56bfc062723c751e8b465ee728b)  -> (artifact id: 'f897a982dca1220af27a99b1a745b191') in 0.015963 seconds
  Import took 0.019278 seconds .

========================================================================
Received Import Request.
  Time since last request: 133.056504 seconds.
  path: Assets/Sprites/PlayerSpriteSheetUPDATE1.png
  artifactKey: Guid(73ee77bca18d6c0419c3bc13c44ccaac) Importer(815301076,1909f56bfc062723c751e8b465ee728b)
Start importing Assets/Sprites/PlayerSpriteSheetUPDATE1.png using Guid(73ee77bca18d6c0419c3bc13c44ccaac) Importer(815301076,1909f56bfc062723c751e8b465ee728b)  -> (artifact id: '25e123184c03c99b92e4d01b885bdbfc') in 0.021168 seconds
  Import took 0.024541 seconds .

========================================================================
Received Import Request.
  Time since last request: 0.000563 seconds.
  path: Assets/Sprites/PlayerSpriteSheetUPDATE1.png
  artifactKey: Guid(73ee77bca18d6c0419c3bc13c44ccaac) Importer(815301076,1909f56bfc062723c751e8b465ee728b)
Start importing Assets/Sprites/PlayerSpriteSheetUPDATE1.png using Guid(73ee77bca18d6c0419c3bc13c44ccaac) Importer(815301076,1909f56bfc062723c751e8b465ee728b)  -> (artifact id: '25e123184c03c99b92e4d01b885bdbfc') in 0.017389 seconds
  Import took 0.020352 seconds .

========================================================================
Received Import Request.
  Time since last request: 12.835552 seconds.
  path: Assets/Sprites/PlayerSpriteSheetUPDATE1.png
  artifactKey: Guid(73ee77bca18d6c0419c3bc13c44ccaac) Importer(815301076,1909f56bfc062723c751e8b465ee728b)
Start importing Assets/Sprites/PlayerSpriteSheetUPDATE1.png using Guid(73ee77bca18d6c0419c3bc13c44ccaac) Importer(815301076,1909f56bfc062723c751e8b465ee728b)  -> (artifact id: '428822d9b07bd7c426b8cc62c96883b5') in 0.020271 seconds
  Import took 0.023490 seconds .

========================================================================
Received Import Request.
  Time since last request: 0.001511 seconds.
  path: Assets/Sprites/PlayerSpriteSheetUPDATE1.png
  artifactKey: Guid(73ee77bca18d6c0419c3bc13c44ccaac) Importer(815301076,1909f56bfc062723c751e8b465ee728b)
Start importing Assets/Sprites/PlayerSpriteSheetUPDATE1.png using Guid(73ee77bca18d6c0419c3bc13c44ccaac) Importer(815301076,1909f56bfc062723c751e8b465ee728b)  -> (artifact id: '428822d9b07bd7c426b8cc62c96883b5') in 0.016323 seconds
  Import took 0.019610 seconds .

========================================================================
Received Import Request.
  Time since last request: 2.065469 seconds.
  path: Assets/Sprites/PlayerSpriteSheetUPDATE1.png
  artifactKey: Guid(73ee77bca18d6c0419c3bc13c44ccaac) Importer(815301076,1909f56bfc062723c751e8b465ee728b)
Start importing Assets/Sprites/PlayerSpriteSheetUPDATE1.png using Guid(73ee77bca18d6c0419c3bc13c44ccaac) Importer(815301076,1909f56bfc062723c751e8b465ee728b)  -> (artifact id: '7fe0307d8655bce1cc2b5228c0e1fc46') in 0.021895 seconds
  Import took 0.024696 seconds .

========================================================================
Received Import Request.
  Time since last request: 0.003372 seconds.
  path: Assets/Sprites/PlayerSpriteSheetUPDATE1.png
  artifactKey: Guid(73ee77bca18d6c0419c3bc13c44ccaac) Importer(815301076,1909f56bfc062723c751e8b465ee728b)
Start importing Assets/Sprites/PlayerSpriteSheetUPDATE1.png using Guid(73ee77bca18d6c0419c3bc13c44ccaac) Importer(815301076,1909f56bfc062723c751e8b465ee728b)  -> (artifact id: '7fe0307d8655bce1cc2b5228c0e1fc46') in 0.015945 seconds
  Import took 0.020186 seconds .

========================================================================
Received Import Request.
  Time since last request: 2.848486 seconds.
  path: Assets/Sprites/PlayerSpriteSheetUPDATE1.png
  artifactKey: Guid(73ee77bca18d6c0419c3bc13c44ccaac) Importer(815301076,1909f56bfc062723c751e8b465ee728b)
Start importing Assets/Sprites/PlayerSpriteSheetUPDATE1.png using Guid(73ee77bca18d6c0419c3bc13c44ccaac) Importer(815301076,1909f56bfc062723c751e8b465ee728b)  -> (artifact id: '8b5da263348b7eae0de42c4efd1abfbf') in 0.014084 seconds
  Import took 0.016874 seconds .

========================================================================
Received Import Request.
  Time since last request: 0.000275 seconds.
  path: Assets/Sprites/PlayerSpriteSheetUPDATE1.png
  artifactKey: Guid(73ee77bca18d6c0419c3bc13c44ccaac) Importer(815301076,1909f56bfc062723c751e8b465ee728b)
Start importing Assets/Sprites/PlayerSpriteSheetUPDATE1.png using Guid(73ee77bca18d6c0419c3bc13c44ccaac) Importer(815301076,1909f56bfc062723c751e8b465ee728b)  -> (artifact id: '8b5da263348b7eae0de42c4efd1abfbf') in 0.017056 seconds
  Import took 0.019705 seconds .

========================================================================
Received Import Request.
  Time since last request: 6.175963 seconds.
  path: Assets/Sprites/PlayerSpriteSheetUPDATE1.png
  artifactKey: Guid(73ee77bca18d6c0419c3bc13c44ccaac) Importer(815301076,1909f56bfc062723c751e8b465ee728b)
Start importing Assets/Sprites/PlayerSpriteSheetUPDATE1.png using Guid(73ee77bca18d6c0419c3bc13c44ccaac) Importer(815301076,1909f56bfc062723c751e8b465ee728b)  -> (artifact id: '90fadf08d2ab2bb2ccc702c7713c38b4') in 0.014861 seconds
  Import took 0.017559 seconds .

========================================================================
Received Import Request.
  Time since last request: 0.001559 seconds.
  path: Assets/Sprites/PlayerSpriteSheetUPDATE1.png
  artifactKey: Guid(73ee77bca18d6c0419c3bc13c44ccaac) Importer(815301076,1909f56bfc062723c751e8b465ee728b)
Start importing Assets/Sprites/PlayerSpriteSheetUPDATE1.png using Guid(73ee77bca18d6c0419c3bc13c44ccaac) Importer(815301076,1909f56bfc062723c751e8b465ee728b)  -> (artifact id: '90fadf08d2ab2bb2ccc702c7713c38b4') in 0.016528 seconds
  Import took 0.020362 seconds .

========================================================================
Received Import Request.
  Time since last request: 3.221669 seconds.
  path: Assets/Sprites/PlayerSpriteSheetUPDATE1.png
  artifactKey: Guid(73ee77bca18d6c0419c3bc13c44ccaac) Importer(815301076,1909f56bfc062723c751e8b465ee728b)
Start importing Assets/Sprites/PlayerSpriteSheetUPDATE1.png using Guid(73ee77bca18d6c0419c3bc13c44ccaac) Importer(815301076,1909f56bfc062723c751e8b465ee728b)  -> (artifact id: 'c4f6419b84f0faf90da24aed6d222ad2') in 0.017453 seconds
  Import took 0.020757 seconds .

========================================================================
Received Import Request.
  Time since last request: 2.587796 seconds.
  path: Assets/Sprites/PlayerSpriteSheetUPDATE1.png
  artifactKey: Guid(73ee77bca18d6c0419c3bc13c44ccaac) Importer(815301076,1909f56bfc062723c751e8b465ee728b)
Start importing Assets/Sprites/PlayerSpriteSheetUPDATE1.png using Guid(73ee77bca18d6c0419c3bc13c44ccaac) Importer(815301076,1909f56bfc062723c751e8b465ee728b)  -> (artifact id: '940f7d8ecdc4e813635c4268afe13c57') in 0.017044 seconds
  Import took 0.019787 seconds .

========================================================================
Received Import Request.
  Time since last request: 2.432375 seconds.
  path: Assets/Sprites/PlayerSpriteSheetUPDATE1.png
  artifactKey: Guid(73ee77bca18d6c0419c3bc13c44ccaac) Importer(815301076,1909f56bfc062723c751e8b465ee728b)
Start importing Assets/Sprites/PlayerSpriteSheetUPDATE1.png using Guid(73ee77bca18d6c0419c3bc13c44ccaac) Importer(815301076,1909f56bfc062723c751e8b465ee728b)  -> (artifact id: 'ae45b3a5be1b7f89f5dea9b15d1c2fa7') in 0.015449 seconds
  Import took 0.018506 seconds .

========================================================================
Received Import Request.
  Time since last request: 38.209203 seconds.
  path: Assets/Sprites/PlayerSpriteSheetUPDATE1.png
  artifactKey: Guid(73ee77bca18d6c0419c3bc13c44ccaac) Importer(815301076,1909f56bfc062723c751e8b465ee728b)
Start importing Assets/Sprites/PlayerSpriteSheetUPDATE1.png using Guid(73ee77bca18d6c0419c3bc13c44ccaac) Importer(815301076,1909f56bfc062723c751e8b465ee728b)  -> (artifact id: 'd482494fc5a911f0da529b52d0838f39') in 0.016353 seconds
  Import took 0.019238 seconds .

========================================================================
Received Import Request.
  Time since last request: 0.000223 seconds.
  path: Assets/Sprites/PlayerSpriteSheetUPDATE1.png
  artifactKey: Guid(73ee77bca18d6c0419c3bc13c44ccaac) Importer(815301076,1909f56bfc062723c751e8b465ee728b)
Start importing Assets/Sprites/PlayerSpriteSheetUPDATE1.png using Guid(73ee77bca18d6c0419c3bc13c44ccaac) Importer(815301076,1909f56bfc062723c751e8b465ee728b)  -> (artifact id: 'd482494fc5a911f0da529b52d0838f39') in 0.017458 seconds
  Import took 0.020109 seconds .

========================================================================
Received Import Request.
  Time since last request: 8.988475 seconds.
  path: Assets/Sprites/PlayerSpriteSheetUPDATE1.png
  artifactKey: Guid(73ee77bca18d6c0419c3bc13c44ccaac) Importer(815301076,1909f56bfc062723c751e8b465ee728b)
Start importing Assets/Sprites/PlayerSpriteSheetUPDATE1.png using Guid(73ee77bca18d6c0419c3bc13c44ccaac) Importer(815301076,1909f56bfc062723c751e8b465ee728b)  -> (artifact id: '36464bf05bbaaccd77c399a963413b23') in 0.014549 seconds
  Import took 0.017525 seconds .

========================================================================
Received Import Request.
  Time since last request: 0.002766 seconds.
  path: Assets/Sprites/PlayerSpriteSheetUPDATE1.png
  artifactKey: Guid(73ee77bca18d6c0419c3bc13c44ccaac) Importer(815301076,1909f56bfc062723c751e8b465ee728b)
Start importing Assets/Sprites/PlayerSpriteSheetUPDATE1.png using Guid(73ee77bca18d6c0419c3bc13c44ccaac) Importer(815301076,1909f56bfc062723c751e8b465ee728b)  -> (artifact id: '36464bf05bbaaccd77c399a963413b23') in 0.016722 seconds
  Import took 0.019509 seconds .

========================================================================
Received Import Request.
  Time since last request: 23.248365 seconds.
  path: Assets/Sprites/Character.controller
  artifactKey: Guid(6dd7a0082bbe6e24fad28200f784cae4) Importer(815301076,1909f56bfc062723c751e8b465ee728b)
Start importing Assets/Sprites/Character.controller using Guid(6dd7a0082bbe6e24fad28200f784cae4) Importer(815301076,1909f56bfc062723c751e8b465ee728b)  -> (artifact id: '319c39da1ff679513e44b5e3e3ecf0dd') in 0.009688 seconds
  Import took 0.012908 seconds .

========================================================================
Received Import Request.
  Time since last request: 14.716860 seconds.
  path: Assets/Sprites/PlayerSpriteSheetUPDATE1.png
  artifactKey: Guid(73ee77bca18d6c0419c3bc13c44ccaac) Importer(815301076,1909f56bfc062723c751e8b465ee728b)
Start importing Assets/Sprites/PlayerSpriteSheetUPDATE1.png using Guid(73ee77bca18d6c0419c3bc13c44ccaac) Importer(815301076,1909f56bfc062723c751e8b465ee728b)  -> (artifact id: 'c26fba7f800bc0c603aa9a0d557a6ff6') in 0.014896 seconds
  Import took 0.017653 seconds .

========================================================================
Received Import Request.
  Time since last request: 0.000277 seconds.
  path: Assets/Sprites/PlayerSpriteSheetUPDATE1.png
  artifactKey: Guid(73ee77bca18d6c0419c3bc13c44ccaac) Importer(815301076,1909f56bfc062723c751e8b465ee728b)
Start importing Assets/Sprites/PlayerSpriteSheetUPDATE1.png using Guid(73ee77bca18d6c0419c3bc13c44ccaac) Importer(815301076,1909f56bfc062723c751e8b465ee728b)  -> (artifact id: 'c26fba7f800bc0c603aa9a0d557a6ff6') in 0.016528 seconds
  Import took 0.019268 seconds .

========================================================================
Received Import Request.
  Time since last request: 5.636190 seconds.
  path: Assets/Sprites/PlayerSpriteSheetUPDATE1.png
  artifactKey: Guid(73ee77bca18d6c0419c3bc13c44ccaac) Importer(815301076,1909f56bfc062723c751e8b465ee728b)
Start importing Assets/Sprites/PlayerSpriteSheetUPDATE1.png using Guid(73ee77bca18d6c0419c3bc13c44ccaac) Importer(815301076,1909f56bfc062723c751e8b465ee728b)  -> (artifact id: '7ddeb5bab0284b85dbf8250aa4ac3f3f') in 0.015745 seconds
  Import took 0.018340 seconds .

========================================================================
Received Import Request.
  Time since last request: 0.007118 seconds.
  path: Assets/Sprites/PlayerSpriteSheetUPDATE1.png
  artifactKey: Guid(73ee77bca18d6c0419c3bc13c44ccaac) Importer(815301076,1909f56bfc062723c751e8b465ee728b)
Start importing Assets/Sprites/PlayerSpriteSheetUPDATE1.png using Guid(73ee77bca18d6c0419c3bc13c44ccaac) Importer(815301076,1909f56bfc062723c751e8b465ee728b)  -> (artifact id: '7ddeb5bab0284b85dbf8250aa4ac3f3f') in 0.016831 seconds
  Import took 0.020106 seconds .

========================================================================
Received Import Request.
  Time since last request: 4.386491 seconds.
  path: Assets/Sprites/PlayerSpriteSheetUPDATE1.png
  artifactKey: Guid(73ee77bca18d6c0419c3bc13c44ccaac) Importer(815301076,1909f56bfc062723c751e8b465ee728b)
Start importing Assets/Sprites/PlayerSpriteSheetUPDATE1.png using Guid(73ee77bca18d6c0419c3bc13c44ccaac) Importer(815301076,1909f56bfc062723c751e8b465ee728b)  -> (artifact id: 'ad47323415d8b812d4ffaa33afa9def8') in 0.014884 seconds
  Import took 0.017529 seconds .

========================================================================
Received Import Request.
  Time since last request: 0.009807 seconds.
  path: Assets/Sprites/PlayerSpriteSheetUPDATE1.png
  artifactKey: Guid(73ee77bca18d6c0419c3bc13c44ccaac) Importer(815301076,1909f56bfc062723c751e8b465ee728b)
Start importing Assets/Sprites/PlayerSpriteSheetUPDATE1.png using Guid(73ee77bca18d6c0419c3bc13c44ccaac) Importer(815301076,1909f56bfc062723c751e8b465ee728b)  -> (artifact id: 'ad47323415d8b812d4ffaa33afa9def8') in 0.016105 seconds
  Import took 0.018997 seconds .

========================================================================
Received Import Request.
  Time since last request: 4.688987 seconds.
  path: Assets/Sprites/PlayerSpriteSheetUPDATE1.png
  artifactKey: Guid(73ee77bca18d6c0419c3bc13c44ccaac) Importer(815301076,1909f56bfc062723c751e8b465ee728b)
Start importing Assets/Sprites/PlayerSpriteSheetUPDATE1.png using Guid(73ee77bca18d6c0419c3bc13c44ccaac) Importer(815301076,1909f56bfc062723c751e8b465ee728b)  -> (artifact id: '8a362e6909898788284592646e620374') in 0.017971 seconds
  Import took 0.020589 seconds .

========================================================================
Received Import Request.
  Time since last request: 14.667084 seconds.
  path: Assets/Sprites/PlayerSpriteSheetUPDATE1.png
  artifactKey: Guid(73ee77bca18d6c0419c3bc13c44ccaac) Importer(815301076,1909f56bfc062723c751e8b465ee728b)
Start importing Assets/Sprites/PlayerSpriteSheetUPDATE1.png using Guid(73ee77bca18d6c0419c3bc13c44ccaac) Importer(815301076,1909f56bfc062723c751e8b465ee728b)  -> (artifact id: '5489f37add1f29b3d7e3736f5ff06ce2') in 0.021095 seconds
  Import took 0.024755 seconds .

========================================================================
Received Import Request.
  Time since last request: 0.001566 seconds.
  path: Assets/Sprites/PlayerSpriteSheetUPDATE1.png
  artifactKey: Guid(73ee77bca18d6c0419c3bc13c44ccaac) Importer(815301076,1909f56bfc062723c751e8b465ee728b)
Start importing Assets/Sprites/PlayerSpriteSheetUPDATE1.png using Guid(73ee77bca18d6c0419c3bc13c44ccaac) Importer(815301076,1909f56bfc062723c751e8b465ee728b)  -> (artifact id: '5489f37add1f29b3d7e3736f5ff06ce2') in 0.018819 seconds
  Import took 0.022882 seconds .

========================================================================
Received Import Request.
  Time since last request: 4.506913 seconds.
  path: Assets/Sprites/PlayerSpriteSheetUPDATE1.png
  artifactKey: Guid(73ee77bca18d6c0419c3bc13c44ccaac) Importer(815301076,1909f56bfc062723c751e8b465ee728b)
Start importing Assets/Sprites/PlayerSpriteSheetUPDATE1.png using Guid(73ee77bca18d6c0419c3bc13c44ccaac) Importer(815301076,1909f56bfc062723c751e8b465ee728b)  -> (artifact id: 'b71622df13bb8bf4ef15318f8deb36d8') in 0.016025 seconds
  Import took 0.018816 seconds .

========================================================================
Received Import Request.
  Time since last request: 0.000281 seconds.
  path: Assets/Sprites/PlayerSpriteSheetUPDATE1.png
  artifactKey: Guid(73ee77bca18d6c0419c3bc13c44ccaac) Importer(815301076,1909f56bfc062723c751e8b465ee728b)
Start importing Assets/Sprites/PlayerSpriteSheetUPDATE1.png using Guid(73ee77bca18d6c0419c3bc13c44ccaac) Importer(815301076,1909f56bfc062723c751e8b465ee728b)  -> (artifact id: 'b71622df13bb8bf4ef15318f8deb36d8') in 0.014468 seconds
  Import took 0.017041 seconds .

========================================================================
Received Import Request.
  Time since last request: 97.301468 seconds.
  path: Assets/Sprites/PlayerSpriteSheetUPDATE1.png
  artifactKey: Guid(73ee77bca18d6c0419c3bc13c44ccaac) Importer(815301076,1909f56bfc062723c751e8b465ee728b)
Start importing Assets/Sprites/PlayerSpriteSheetUPDATE1.png using Guid(73ee77bca18d6c0419c3bc13c44ccaac) Importer(815301076,1909f56bfc062723c751e8b465ee728b)  -> (artifact id: '6223ceb6ba4aeb37b4caeb087c6e5167') in 0.015678 seconds
  Import took 0.018383 seconds .

========================================================================
Received Import Request.
  Time since last request: 5.208012 seconds.
  path: Assets/Sprites/PlayerSpriteSheetUPDATE1.png
  artifactKey: Guid(73ee77bca18d6c0419c3bc13c44ccaac) Importer(815301076,1909f56bfc062723c751e8b465ee728b)
Start importing Assets/Sprites/PlayerSpriteSheetUPDATE1.png using Guid(73ee77bca18d6c0419c3bc13c44ccaac) Importer(815301076,1909f56bfc062723c751e8b465ee728b)  -> (artifact id: 'd0a2c864f4b44467e6f3f163cbb43a9d') in 0.016574 seconds
  Import took 0.019945 seconds .

========================================================================
Received Import Request.
  Time since last request: 0.001939 seconds.
  path: Assets/Sprites/PlayerSpriteSheetUPDATE1.png
  artifactKey: Guid(73ee77bca18d6c0419c3bc13c44ccaac) Importer(815301076,1909f56bfc062723c751e8b465ee728b)
Start importing Assets/Sprites/PlayerSpriteSheetUPDATE1.png using Guid(73ee77bca18d6c0419c3bc13c44ccaac) Importer(815301076,1909f56bfc062723c751e8b465ee728b)  -> (artifact id: 'd0a2c864f4b44467e6f3f163cbb43a9d') in 0.016373 seconds
  Import took 0.019827 seconds .

========================================================================
Received Import Request.
  Time since last request: 81.851675 seconds.
  path: Assets/Sprites/PlayerSpriteSheetUPDATE1.png
  artifactKey: Guid(73ee77bca18d6c0419c3bc13c44ccaac) Importer(815301076,1909f56bfc062723c751e8b465ee728b)
Start importing Assets/Sprites/PlayerSpriteSheetUPDATE1.png using Guid(73ee77bca18d6c0419c3bc13c44ccaac) Importer(815301076,1909f56bfc062723c751e8b465ee728b)  -> (artifact id: '19696ee802276e8333c9dc89bc155788') in 0.017017 seconds
  Import took 0.019755 seconds .

========================================================================
Received Import Request.
  Time since last request: 0.001008 seconds.
  path: Assets/Sprites/PlayerSpriteSheetUPDATE1.png
  artifactKey: Guid(73ee77bca18d6c0419c3bc13c44ccaac) Importer(815301076,1909f56bfc062723c751e8b465ee728b)
Start importing Assets/Sprites/PlayerSpriteSheetUPDATE1.png using Guid(73ee77bca18d6c0419c3bc13c44ccaac) Importer(815301076,1909f56bfc062723c751e8b465ee728b)  -> (artifact id: '19696ee802276e8333c9dc89bc155788') in 0.015444 seconds
  Import took 0.018237 seconds .

========================================================================
Received Import Request.
  Time since last request: 3.934012 seconds.
  path: Assets/Sprites/PlayerSpriteSheetUPDATE1.png
  artifactKey: Guid(73ee77bca18d6c0419c3bc13c44ccaac) Importer(815301076,1909f56bfc062723c751e8b465ee728b)
Start importing Assets/Sprites/PlayerSpriteSheetUPDATE1.png using Guid(73ee77bca18d6c0419c3bc13c44ccaac) Importer(815301076,1909f56bfc062723c751e8b465ee728b)  -> (artifact id: '1033e8844150ae4eb0251650608687e3') in 0.016745 seconds
  Import took 0.019813 seconds .

========================================================================
Received Import Request.
  Time since last request: 0.001543 seconds.
  path: Assets/Sprites/PlayerSpriteSheetUPDATE1.png
  artifactKey: Guid(73ee77bca18d6c0419c3bc13c44ccaac) Importer(815301076,1909f56bfc062723c751e8b465ee728b)
Start importing Assets/Sprites/PlayerSpriteSheetUPDATE1.png using Guid(73ee77bca18d6c0419c3bc13c44ccaac) Importer(815301076,1909f56bfc062723c751e8b465ee728b)  -> (artifact id: '1033e8844150ae4eb0251650608687e3') in 0.015432 seconds
  Import took 0.020182 seconds .

========================================================================
Received Import Request.
  Time since last request: 24.541264 seconds.
  path: Assets/Sprites/PlayerSpriteSheetUPDATE1.png
  artifactKey: Guid(73ee77bca18d6c0419c3bc13c44ccaac) Importer(815301076,1909f56bfc062723c751e8b465ee728b)
Start importing Assets/Sprites/PlayerSpriteSheetUPDATE1.png using Guid(73ee77bca18d6c0419c3bc13c44ccaac) Importer(815301076,1909f56bfc062723c751e8b465ee728b)  -> (artifact id: '56123285e1da8714542f4e91059ed89b') in 0.014948 seconds
  Import took 0.018360 seconds .

========================================================================
Received Import Request.
  Time since last request: 0.000221 seconds.
  path: Assets/Sprites/PlayerSpriteSheetUPDATE1.png
  artifactKey: Guid(73ee77bca18d6c0419c3bc13c44ccaac) Importer(815301076,1909f56bfc062723c751e8b465ee728b)
Start importing Assets/Sprites/PlayerSpriteSheetUPDATE1.png using Guid(73ee77bca18d6c0419c3bc13c44ccaac) Importer(815301076,1909f56bfc062723c751e8b465ee728b)  -> (artifact id: '56123285e1da8714542f4e91059ed89b') in 0.016922 seconds
  Import took 0.019741 seconds .

========================================================================
Received Import Request.
  Time since last request: 5.779015 seconds.
  path: Assets/Sprites/PlayerSpriteSheetUPDATE1.png
  artifactKey: Guid(73ee77bca18d6c0419c3bc13c44ccaac) Importer(815301076,1909f56bfc062723c751e8b465ee728b)
Start importing Assets/Sprites/PlayerSpriteSheetUPDATE1.png using Guid(73ee77bca18d6c0419c3bc13c44ccaac) Importer(815301076,1909f56bfc062723c751e8b465ee728b)  -> (artifact id: '0ecb3054d53fcfc542a39aa0b5f72b39') in 0.015188 seconds
  Import took 0.018341 seconds .

========================================================================
Received Import Request.
  Time since last request: 48.346005 seconds.
  path: Assets/Sprites/PlayerSpriteSheetUPDATE1.png
  artifactKey: Guid(73ee77bca18d6c0419c3bc13c44ccaac) Importer(815301076,1909f56bfc062723c751e8b465ee728b)
Start importing Assets/Sprites/PlayerSpriteSheetUPDATE1.png using Guid(73ee77bca18d6c0419c3bc13c44ccaac) Importer(815301076,1909f56bfc062723c751e8b465ee728b)  -> (artifact id: 'c995a3d4b1062162b3e8c8fd7b40ba66') in 0.015466 seconds
  Import took 0.020346 seconds .

========================================================================
Received Import Request.
  Time since last request: 580.693590 seconds.
  path: Assets/Sprites/PlayerSpriteSheetUPDATE1.png
  artifactKey: Guid(73ee77bca18d6c0419c3bc13c44ccaac) Importer(815301076,1909f56bfc062723c751e8b465ee728b)
Start importing Assets/Sprites/PlayerSpriteSheetUPDATE1.png using Guid(73ee77bca18d6c0419c3bc13c44ccaac) Importer(815301076,1909f56bfc062723c751e8b465ee728b)  -> (artifact id: 'ffb424cfe95fcaea6202c4657c028bef') in 0.023588 seconds
  Import took 0.026933 seconds .

========================================================================
Received Import Request.
  Time since last request: 0.004347 seconds.
  path: Assets/Sprites/PlayerSpriteSheetUPDATE1.png
  artifactKey: Guid(73ee77bca18d6c0419c3bc13c44ccaac) Importer(815301076,1909f56bfc062723c751e8b465ee728b)
Start importing Assets/Sprites/PlayerSpriteSheetUPDATE1.png using Guid(73ee77bca18d6c0419c3bc13c44ccaac) Importer(815301076,1909f56bfc062723c751e8b465ee728b)  -> (artifact id: 'ffb424cfe95fcaea6202c4657c028bef') in 0.016995 seconds
  Import took 0.020532 seconds .

========================================================================
Received Import Request.
  Time since last request: 147.568777 seconds.
  path: Assets/Sprites/PlayerSpriteSheetUPDATE1.png
  artifactKey: Guid(73ee77bca18d6c0419c3bc13c44ccaac) Importer(815301076,1909f56bfc062723c751e8b465ee728b)
Start importing Assets/Sprites/PlayerSpriteSheetUPDATE1.png using Guid(73ee77bca18d6c0419c3bc13c44ccaac) Importer(815301076,1909f56bfc062723c751e8b465ee728b)  -> (artifact id: 'c28446210d4e55df88e2dde22bff3172') in 0.021212 seconds
  Import took 0.024824 seconds .

========================================================================
Received Import Request.
  Time since last request: 0.004091 seconds.
  path: Assets/Sprites/PlayerSpriteSheetUPDATE1.png
  artifactKey: Guid(73ee77bca18d6c0419c3bc13c44ccaac) Importer(815301076,1909f56bfc062723c751e8b465ee728b)
Start importing Assets/Sprites/PlayerSpriteSheetUPDATE1.png using Guid(73ee77bca18d6c0419c3bc13c44ccaac) Importer(815301076,1909f56bfc062723c751e8b465ee728b)  -> (artifact id: 'c28446210d4e55df88e2dde22bff3172') in 0.018171 seconds
  Import took 0.021094 seconds .

========================================================================
Received Import Request.
  Time since last request: 79.781601 seconds.
  path: Assets/Sprites/PlayerSpriteSheetUPDATE1.png
  artifactKey: Guid(73ee77bca18d6c0419c3bc13c44ccaac) Importer(815301076,1909f56bfc062723c751e8b465ee728b)
Start importing Assets/Sprites/PlayerSpriteSheetUPDATE1.png using Guid(73ee77bca18d6c0419c3bc13c44ccaac) Importer(815301076,1909f56bfc062723c751e8b465ee728b)  -> (artifact id: '4007864d57a2c26ef6a0a20711381267') in 0.006613 seconds
  Import took 0.009298 seconds .

========================================================================
Received Import Request.
  Time since last request: 0.005241 seconds.
  path: Assets/Sprites/PlayerSpriteSheetUPDATE1.png
  artifactKey: Guid(73ee77bca18d6c0419c3bc13c44ccaac) Importer(815301076,1909f56bfc062723c751e8b465ee728b)
Start importing Assets/Sprites/PlayerSpriteSheetUPDATE1.png using Guid(73ee77bca18d6c0419c3bc13c44ccaac) Importer(815301076,1909f56bfc062723c751e8b465ee728b)  -> (artifact id: '4007864d57a2c26ef6a0a20711381267') in 0.007464 seconds
  Import took 0.011319 seconds .

========================================================================
Received Import Request.
  Time since last request: 32.119393 seconds.
  path: Assets/Sprites/PlayerSpriteSheetUPDATE1.png
  artifactKey: Guid(73ee77bca18d6c0419c3bc13c44ccaac) Importer(815301076,1909f56bfc062723c751e8b465ee728b)
Start importing Assets/Sprites/PlayerSpriteSheetUPDATE1.png using Guid(73ee77bca18d6c0419c3bc13c44ccaac) Importer(815301076,1909f56bfc062723c751e8b465ee728b)  -> (artifact id: 'edbf49f337fbf65e18a3c5cb6a48820b') in 0.006428 seconds
  Import took 0.009566 seconds .

========================================================================
Received Import Request.
  Time since last request: 0.002109 seconds.
  path: Assets/Sprites/PlayerSpriteSheetUPDATE1.png
  artifactKey: Guid(73ee77bca18d6c0419c3bc13c44ccaac) Importer(815301076,1909f56bfc062723c751e8b465ee728b)
Start importing Assets/Sprites/PlayerSpriteSheetUPDATE1.png using Guid(73ee77bca18d6c0419c3bc13c44ccaac) Importer(815301076,1909f56bfc062723c751e8b465ee728b)  -> (artifact id: 'edbf49f337fbf65e18a3c5cb6a48820b') in 0.006217 seconds
  Import took 0.009190 seconds .

========================================================================
Received Import Request.
  Time since last request: 23.146706 seconds.
  path: Assets/Sprites/PlayerSpriteSheetUPDATE1.png
  artifactKey: Guid(73ee77bca18d6c0419c3bc13c44ccaac) Importer(815301076,1909f56bfc062723c751e8b465ee728b)
Start importing Assets/Sprites/PlayerSpriteSheetUPDATE1.png using Guid(73ee77bca18d6c0419c3bc13c44ccaac) Importer(815301076,1909f56bfc062723c751e8b465ee728b)  -> (artifact id: '0aef95fdff8d6a48b16f485e169522ac') in 0.005972 seconds
  Import took 0.008829 seconds .

========================================================================
Received Import Request.
  Time since last request: 0.007431 seconds.
  path: Assets/Sprites/PlayerSpriteSheetUPDATE1.png
  artifactKey: Guid(73ee77bca18d6c0419c3bc13c44ccaac) Importer(815301076,1909f56bfc062723c751e8b465ee728b)
Start importing Assets/Sprites/PlayerSpriteSheetUPDATE1.png using Guid(73ee77bca18d6c0419c3bc13c44ccaac) Importer(815301076,1909f56bfc062723c751e8b465ee728b)  -> (artifact id: '0aef95fdff8d6a48b16f485e169522ac') in 0.006470 seconds
  Import took 0.009379 seconds .

========================================================================
Received Import Request.
  Time since last request: 61.320018 seconds.
  path: Assets/Sprites/PlayerSpriteSheetUPDATE1.png
  artifactKey: Guid(73ee77bca18d6c0419c3bc13c44ccaac) Importer(815301076,1909f56bfc062723c751e8b465ee728b)
Start importing Assets/Sprites/PlayerSpriteSheetUPDATE1.png using Guid(73ee77bca18d6c0419c3bc13c44ccaac) Importer(815301076,1909f56bfc062723c751e8b465ee728b)  -> (artifact id: '6afff8fbc2365f1b473e416dc26c6510') in 0.008810 seconds
  Import took 0.011664 seconds .

========================================================================
Received Import Request.
  Time since last request: 29.530203 seconds.
  path: Assets/Sprites/PlayerSpriteSheetUPDATE1.png
  artifactKey: Guid(73ee77bca18d6c0419c3bc13c44ccaac) Importer(815301076,1909f56bfc062723c751e8b465ee728b)
Start importing Assets/Sprites/PlayerSpriteSheetUPDATE1.png using Guid(73ee77bca18d6c0419c3bc13c44ccaac) Importer(815301076,1909f56bfc062723c751e8b465ee728b)  -> (artifact id: '4877bc562b28c646ace244188921e924') in 0.005672 seconds
  Import took 0.008523 seconds .

========================================================================
Received Import Request.
  Time since last request: 11.672833 seconds.
  path: Assets/Sprites
  artifactKey: Guid(9603d2e66a2c04e4eabb0c69b8c03b06) Importer(815301076,1909f56bfc062723c751e8b465ee728b)
Start importing Assets/Sprites using Guid(9603d2e66a2c04e4eabb0c69b8c03b06) Importer(815301076,1909f56bfc062723c751e8b465ee728b)  -> (artifact id: 'ee4c1e3847b78713d1fbc1c6942f9fe7') in 0.006050 seconds
  Import took 0.009276 seconds .

========================================================================
Received Import Request.
  Time since last request: 29.085205 seconds.
  path: Assets/Sprites/PlayerSpriteSheetUPDATE1.png
  artifactKey: Guid(73ee77bca18d6c0419c3bc13c44ccaac) Importer(815301076,1909f56bfc062723c751e8b465ee728b)
Start importing Assets/Sprites/PlayerSpriteSheetUPDATE1.png using Guid(73ee77bca18d6c0419c3bc13c44ccaac) Importer(815301076,1909f56bfc062723c751e8b465ee728b)  -> (artifact id: 'f370103372b665c459ed4cfefe12b7c6') in 0.007184 seconds
  Import took 0.010069 seconds .

========================================================================
Received Import Request.
  Time since last request: 110.818181 seconds.
  path: Assets/Sprites/PlayerSpriteSheetUPDATE1.png
  artifactKey: Guid(73ee77bca18d6c0419c3bc13c44ccaac) Importer(815301076,1909f56bfc062723c751e8b465ee728b)
Start importing Assets/Sprites/PlayerSpriteSheetUPDATE1.png using Guid(73ee77bca18d6c0419c3bc13c44ccaac) Importer(815301076,1909f56bfc062723c751e8b465ee728b)  -> (artifact id: '0642198a496b52d88050043faadaf7c8') in 0.021940 seconds
  Import took 0.024925 seconds .

========================================================================
Received Import Request.
  Time since last request: 206.298207 seconds.
  path: Assets/Sprites/PlayerSpriteSheetUPDATE2.png
  artifactKey: Guid(91c6a4a8205fc984cb584e2c882f4883) Importer(815301076,1909f56bfc062723c751e8b465ee728b)
Start importing Assets/Sprites/PlayerSpriteSheetUPDATE2.png using Guid(91c6a4a8205fc984cb584e2c882f4883) Importer(815301076,1909f56bfc062723c751e8b465ee728b)  -> (artifact id: '8e85474bdd0a5171e9ca044846ae88a2') in 0.016400 seconds
  Import took 0.019083 seconds .

========================================================================
Received Import Request.
  Time since last request: 0.001088 seconds.
  path: Assets/Sprites/PlayerSpriteSheetUPDATE2.png
  artifactKey: Guid(91c6a4a8205fc984cb584e2c882f4883) Importer(815301076,1909f56bfc062723c751e8b465ee728b)
Start importing Assets/Sprites/PlayerSpriteSheetUPDATE2.png using Guid(91c6a4a8205fc984cb584e2c882f4883) Importer(815301076,1909f56bfc062723c751e8b465ee728b)  -> (artifact id: '8e85474bdd0a5171e9ca044846ae88a2') in 0.007719 seconds
  Import took 0.011085 seconds .

========================================================================
Received Import Request.
  Time since last request: 14.203370 seconds.
  path: Assets/Sprites/PlayerSpriteSheetUPDATE2.png
  artifactKey: Guid(91c6a4a8205fc984cb584e2c882f4883) Importer(815301076,1909f56bfc062723c751e8b465ee728b)
Start importing Assets/Sprites/PlayerSpriteSheetUPDATE2.png using Guid(91c6a4a8205fc984cb584e2c882f4883) Importer(815301076,1909f56bfc062723c751e8b465ee728b)  -> (artifact id: 'c9d8b00fffdecd5b3b8d89a665f6efcb') in 0.007154 seconds
  Import took 0.010062 seconds .

========================================================================
Received Import Request.
  Time since last request: 361.623211 seconds.
  path: Assets/Sprites/PlayerSpriteSheetUPDATE2.png
  artifactKey: Guid(91c6a4a8205fc984cb584e2c882f4883) Importer(815301076,1909f56bfc062723c751e8b465ee728b)
Start importing Assets/Sprites/PlayerSpriteSheetUPDATE2.png using Guid(91c6a4a8205fc984cb584e2c882f4883) Importer(815301076,1909f56bfc062723c751e8b465ee728b)  -> (artifact id: '5da6bf5326bf9366795232741a9eb7b0') in 0.029774 seconds
  Import took 0.032953 seconds .

========================================================================
Received Import Request.
  Time since last request: 41.539109 seconds.
  path: Assets/Sprites/PlayerSpriteSheetUPDATE2.png
  artifactKey: Guid(91c6a4a8205fc984cb584e2c882f4883) Importer(815301076,1909f56bfc062723c751e8b465ee728b)
Start importing Assets/Sprites/PlayerSpriteSheetUPDATE2.png using Guid(91c6a4a8205fc984cb584e2c882f4883) Importer(815301076,1909f56bfc062723c751e8b465ee728b)  -> (artifact id: 'e40b3f9a174cc83b80a04d23f2135e9b') in 0.023560 seconds
  Import took 0.026874 seconds .

========================================================================
Received Prepare
Registering precompiled user dll's ...
Registered in 0.000995 seconds.
Begin MonoManager ReloadAssembly
Native extension for Lumin target not found
Native extension for LinuxStandalone target not found
Native extension for WindowsStandalone target not found
Native extension for OSXStandalone target not found
Refreshing native plugins compatible for Editor in 0.31 ms, found 1 plugins.
Preloading 0 native plugins for Editor in 0.00 ms.
Invoked RoslynAnalysisRunner static constructor.
RoslynAnalysisRunner will not be running.
RoslynAnalysisRunner has terminated.
Mono: successfully reloaded assembly
- Completed reload, in  0.746 seconds
Platform modules already initialized, skipping
Refreshing native plugins compatible for Editor in 0.30 ms, found 1 plugins.
Preloading 0 native plugins for Editor in 0.00 ms.
Unloading 1801 Unused Serialized files (Serialized files now loaded: 0)
System memory in use before: 98.0 MB.
System memory in use after: 98.0 MB.

Unloading 12 unused Assets to reduce memory usage. Loaded Objects now: 2290.
Total: 1.726200 ms (FindLiveObjects: 0.145300 ms CreateObjectMapping: 0.053500 ms MarkObjects: 1.446200 ms  DeleteObjects: 0.080400 ms)

========================================================================
Received Prepare
Registering precompiled user dll's ...
Registered in 0.000940 seconds.
Begin MonoManager ReloadAssembly
Native extension for Lumin target not found
Native extension for LinuxStandalone target not found
Native extension for WindowsStandalone target not found
Native extension for OSXStandalone target not found
Refreshing native plugins compatible for Editor in 0.32 ms, found 1 plugins.
Preloading 0 native plugins for Editor in 0.00 ms.
Invoked RoslynAnalysisRunner static constructor.
RoslynAnalysisRunner will not be running.
RoslynAnalysisRunner has terminated.
Mono: successfully reloaded assembly
- Completed reload, in  0.762 seconds
Platform modules already initialized, skipping
Refreshing native plugins compatible for Editor in 0.36 ms, found 1 plugins.
Preloading 0 native plugins for Editor in 0.00 ms.
Unloading 1801 Unused Serialized files (Serialized files now loaded: 0)
System memory in use before: 98.0 MB.
System memory in use after: 98.0 MB.

Unloading 12 unused Assets to reduce memory usage. Loaded Objects now: 2293.
Total: 1.997100 ms (FindLiveObjects: 0.239700 ms CreateObjectMapping: 0.084500 ms MarkObjects: 1.583600 ms  DeleteObjects: 0.088200 ms)

========================================================================
Received Prepare
Registering precompiled user dll's ...
Registered in 0.000880 seconds.
Begin MonoManager ReloadAssembly
Native extension for Lumin target not found
Native extension for LinuxStandalone target not found
Native extension for WindowsStandalone target not found
Native extension for OSXStandalone target not found
Refreshing native plugins compatible for Editor in 0.31 ms, found 1 plugins.
Preloading 0 native plugins for Editor in 0.00 ms.
Invoked RoslynAnalysisRunner static constructor.
RoslynAnalysisRunner will not be running.
RoslynAnalysisRunner has terminated.
Mono: successfully reloaded assembly
- Completed reload, in  0.741 seconds
Platform modules already initialized, skipping
Refreshing native plugins compatible for Editor in 0.31 ms, found 1 plugins.
Preloading 0 native plugins for Editor in 0.00 ms.
Unloading 1801 Unused Serialized files (Serialized files now loaded: 0)
System memory in use before: 98.0 MB.
System memory in use after: 98.0 MB.

Unloading 12 unused Assets to reduce memory usage. Loaded Objects now: 2296.
Total: 1.881100 ms (FindLiveObjects: 0.169800 ms CreateObjectMapping: 0.067800 ms MarkObjects: 1.550000 ms  DeleteObjects: 0.092700 ms)

========================================================================
Received Prepare
Registering precompiled user dll's ...
Registered in 0.000882 seconds.
Begin MonoManager ReloadAssembly
Native extension for Lumin target not found
Native extension for LinuxStandalone target not found
Native extension for WindowsStandalone target not found
Native extension for OSXStandalone target not found
Refreshing native plugins compatible for Editor in 0.31 ms, found 1 plugins.
Preloading 0 native plugins for Editor in 0.00 ms.
Invoked RoslynAnalysisRunner static constructor.
RoslynAnalysisRunner will not be running.
RoslynAnalysisRunner has terminated.
Mono: successfully reloaded assembly
- Completed reload, in  0.746 seconds
Platform modules already initialized, skipping
Refreshing native plugins compatible for Editor in 0.32 ms, found 1 plugins.
Preloading 0 native plugins for Editor in 0.00 ms.
Unloading 1801 Unused Serialized files (Serialized files now loaded: 0)
System memory in use before: 98.1 MB.
System memory in use after: 98.0 MB.

Unloading 12 unused Assets to reduce memory usage. Loaded Objects now: 2299.
Total: 1.892100 ms (FindLiveObjects: 0.171400 ms CreateObjectMapping: 0.075500 ms MarkObjects: 1.546200 ms  DeleteObjects: 0.097800 ms)

========================================================================
Received Prepare
Registering precompiled user dll's ...
Registered in 0.000973 seconds.
Begin MonoManager ReloadAssembly
Native extension for Lumin target not found
Native extension for LinuxStandalone target not found
Native extension for WindowsStandalone target not found
Native extension for OSXStandalone target not found
Refreshing native plugins compatible for Editor in 0.37 ms, found 1 plugins.
Preloading 0 native plugins for Editor in 0.00 ms.
Invoked RoslynAnalysisRunner static constructor.
RoslynAnalysisRunner will not be running.
RoslynAnalysisRunner has terminated.
Mono: successfully reloaded assembly
- Completed reload, in  0.752 seconds
Platform modules already initialized, skipping
Refreshing native plugins compatible for Editor in 0.30 ms, found 1 plugins.
Preloading 0 native plugins for Editor in 0.00 ms.
Unloading 1801 Unused Serialized files (Serialized files now loaded: 0)
System memory in use before: 98.1 MB.
System memory in use after: 98.1 MB.

Unloading 12 unused Assets to reduce memory usage. Loaded Objects now: 2302.
Total: 2.297400 ms (FindLiveObjects: 0.275700 ms CreateObjectMapping: 0.117000 ms MarkObjects: 1.809600 ms  DeleteObjects: 0.093900 ms)

========================================================================
Received Prepare
Registering precompiled user dll's ...
Registered in 0.000902 seconds.
Begin MonoManager ReloadAssembly
Native extension for Lumin target not found
Native extension for LinuxStandalone target not found
Native extension for WindowsStandalone target not found
Native extension for OSXStandalone target not found
Refreshing native plugins compatible for Editor in 0.30 ms, found 1 plugins.
Preloading 0 native plugins for Editor in 0.00 ms.
Invoked RoslynAnalysisRunner static constructor.
RoslynAnalysisRunner will not be running.
RoslynAnalysisRunner has terminated.
Mono: successfully reloaded assembly
- Completed reload, in  0.747 seconds
Platform modules already initialized, skipping
Refreshing native plugins compatible for Editor in 0.31 ms, found 1 plugins.
Preloading 0 native plugins for Editor in 0.00 ms.
Unloading 1801 Unused Serialized files (Serialized files now loaded: 0)
System memory in use before: 98.1 MB.
System memory in use after: 98.1 MB.

Unloading 12 unused Assets to reduce memory usage. Loaded Objects now: 2305.
Total: 1.940500 ms (FindLiveObjects: 0.171200 ms CreateObjectMapping: 0.070000 ms MarkObjects: 1.607300 ms  DeleteObjects: 0.091100 ms)

========================================================================
Received Prepare
Registering precompiled user dll's ...
Registered in 0.000909 seconds.
Begin MonoManager ReloadAssembly
Native extension for Lumin target not found
Native extension for LinuxStandalone target not found
Native extension for WindowsStandalone target not found
Native extension for OSXStandalone target not found
Refreshing native plugins compatible for Editor in 0.32 ms, found 1 plugins.
Preloading 0 native plugins for Editor in 0.00 ms.
Invoked RoslynAnalysisRunner static constructor.
RoslynAnalysisRunner will not be running.
RoslynAnalysisRunner has terminated.
Mono: successfully reloaded assembly
- Completed reload, in  0.741 seconds
Platform modules already initialized, skipping
Refreshing native plugins compatible for Editor in 0.30 ms, found 1 plugins.
Preloading 0 native plugins for Editor in 0.00 ms.
Unloading 1801 Unused Serialized files (Serialized files now loaded: 0)
System memory in use before: 98.1 MB.
System memory in use after: 98.1 MB.

Unloading 12 unused Assets to reduce memory usage. Loaded Objects now: 2308.
Total: 1.725200 ms (FindLiveObjects: 0.165700 ms CreateObjectMapping: 0.067600 ms MarkObjects: 1.402100 ms  DeleteObjects: 0.088700 ms)

========================================================================
Received Prepare
Registering precompiled user dll's ...
Registered in 0.000987 seconds.
Begin MonoManager ReloadAssembly
Native extension for Lumin target not found
Native extension for LinuxStandalone target not found
Native extension for WindowsStandalone target not found
Native extension for OSXStandalone target not found
Refreshing native plugins compatible for Editor in 0.32 ms, found 1 plugins.
Preloading 0 native plugins for Editor in 0.00 ms.
Invoked RoslynAnalysisRunner static constructor.
RoslynAnalysisRunner will not be running.
RoslynAnalysisRunner has terminated.
Mono: successfully reloaded assembly
- Completed reload, in  0.728 seconds
Platform modules already initialized, skipping
Refreshing native plugins compatible for Editor in 0.31 ms, found 1 plugins.
Preloading 0 native plugins for Editor in 0.00 ms.
Unloading 1801 Unused Serialized files (Serialized files now loaded: 0)
System memory in use before: 98.1 MB.
System memory in use after: 98.1 MB.

Unloading 12 unused Assets to reduce memory usage. Loaded Objects now: 2311.
Total: 1.763200 ms (FindLiveObjects: 0.171700 ms CreateObjectMapping: 0.065100 ms MarkObjects: 1.438100 ms  DeleteObjects: 0.087600 ms)

========================================================================
Received Import Request.
  Time since last request: 14481.032696 seconds.
  path: Assets/Scripts/PlayerScripts/PlayerMovement.cs
  artifactKey: Guid(5e74dc746b085a94891903b590076158) Importer(815301076,1909f56bfc062723c751e8b465ee728b)
Start importing Assets/Scripts/PlayerScripts/PlayerMovement.cs using Guid(5e74dc746b085a94891903b590076158) Importer(815301076,1909f56bfc062723c751e8b465ee728b)  -> (artifact id: 'ad5f48da89462cb1b9b3005875f83d12') in 0.008371 seconds
  Import took 0.011085 seconds .

========================================================================
Received Import Request.
  Time since last request: 0.018437 seconds.
  path: Assets/Scripts/PlayerScripts/PlayerMovement.cs
  artifactKey: Guid(5e74dc746b085a94891903b590076158) Importer(815301076,1909f56bfc062723c751e8b465ee728b)
Start importing Assets/Scripts/PlayerScripts/PlayerMovement.cs using Guid(5e74dc746b085a94891903b590076158) Importer(815301076,1909f56bfc062723c751e8b465ee728b)  -> (artifact id: 'ad5f48da89462cb1b9b3005875f83d12') in 0.002057 seconds
  Import took 0.004477 seconds .

========================================================================
Received Prepare
Registering precompiled user dll's ...
Registered in 0.000836 seconds.
Begin MonoManager ReloadAssembly
Native extension for Lumin target not found
Native extension for LinuxStandalone target not found
Native extension for WindowsStandalone target not found
Native extension for OSXStandalone target not found
Refreshing native plugins compatible for Editor in 0.31 ms, found 1 plugins.
Preloading 0 native plugins for Editor in 0.00 ms.
Invoked RoslynAnalysisRunner static constructor.
RoslynAnalysisRunner will not be running.
RoslynAnalysisRunner has terminated.
Mono: successfully reloaded assembly
- Completed reload, in  0.754 seconds
Platform modules already initialized, skipping
Refreshing native plugins compatible for Editor in 0.31 ms, found 1 plugins.
Preloading 0 native plugins for Editor in 0.00 ms.
Unloading 1801 Unused Serialized files (Serialized files now loaded: 0)
System memory in use before: 98.1 MB.
System memory in use after: 98.1 MB.

Unloading 12 unused Assets to reduce memory usage. Loaded Objects now: 2314.
Total: 2.148400 ms (FindLiveObjects: 0.174900 ms CreateObjectMapping: 0.101800 ms MarkObjects: 1.766100 ms  DeleteObjects: 0.104700 ms)

AssetImportWorkerClient::OnTransportError - code=2 error=End of file
